[   30747ms] [ERROR] Failed to load resource: the server responded with a status of 500 (Internal Server Error) @ http://localhost:3000/admin/dashboard:0
[   31342ms] [INFO] %cDownload the React DevTools for a better development experience: https://react.dev/link/react-devtools font-weight:bold @ webpack-internal:///(pages-dir-browser)/./node_modules/.pnpm/react-dom@19.2.1_react@19.2.1/node_modules/react-dom/cjs/react-dom-client.development.js:28004
[   31426ms] Error: ENOENT: no such file or directory, open 'C:\Users\nachi\Projects\adaptia--frontend\.next\server\app-paths-manifest.json'
    at readFileSync (node:fs:448:20)
    at loadManifest (file://C:\Users\nachi\Projects\adaptia--frontend\node_modules\.pnpm\next@15.2.8_react-dom@19.2.1_react@19.2.1__react@19.2.1\node_modules\next\dist\server\load-manifest.js:36:52)
    at getMaybePagePath (file://C:\Users\nachi\Projects\adaptia--frontend\node_modules\.pnpm\next@15.2.8_react-dom@19.2.1_react@19.2.1__react@19.2.1\node_modules\next\dist\server\require.js:51:59)
    at getPagePath (file://C:\Users\nachi\Projects\adaptia--frontend\node_modules\.pnpm\next@15.2.8_react-dom@19.2.1_react@19.2.1__react@19.2.1\node_modules\next\dist\server\require.js:86:22)
    at requirePage (file://C:\Users\nachi\Projects\adaptia--frontend\node_modules\.pnpm\next@15.2.8_react-dom@19.2.1_react@19.2.1__react@19.2.1\node_modules\next\dist\server\require.js:93:22)
    at loadComponentsImpl (file://C:\Users\nachi\Projects\adaptia--frontend\node_modules\.pnpm\next@15.2.8_react-dom@19.2.1_react@19.2.1__react@19.2.1\node_modules\next\dist\server\load-components.js:129:57)
    at async DevServer.findPageComponentsImpl (file://C:\Users\nachi\Projects\adaptia--frontend\node_modules\.pnpm\next@15.2.8_react-dom@19.2.1_react@19.2.1__react@19.2.1\node_modules\next\dist\server\next-server.js:808:36)
    at async DevServer.findPageComponents (file://C:\Users\nachi\Projects\adaptia--frontend\node_modules\.pnpm\next@15.2.8_react-dom@19.2.1_react@19.2.1__react@19.2.1\node_modules\next\dist\server\dev\next-dev-server.js:628:16)
    at async DevServer.renderPageComponent (file://C:\Users\nachi\Projects\adaptia--frontend\node_modules\.pnpm\next@15.2.8_react-dom@19.2.1_react@19.2.1__react@19.2.1\node_modules\next\dist\server\base-server.js:2379:24)
    at async DevServer.renderToResponseImpl (file://C:\Users\nachi\Projects\adaptia--frontend\node_modules\.pnpm\next@15.2.8_react-dom@19.2.1_react@19.2.1__react@19.2.1\node_modules\next\dist\server\base-server.js:2430:32)
    at async DevServer.pipeImpl (file://C:\Users\nachi\Projects\adaptia--frontend\node_modules\.pnpm\next@15.2.8_react-dom@19.2.1_react@19.2.1__react@19.2.1\node_modules\next\dist\server\base-server.js:1003:25)
    at async NextNodeServer.handleCatchallRenderRequest (file://C:\Users\nachi\Projects\adaptia--frontend\node_modules\.pnpm\next@15.2.8_react-dom@19.2.1_react@19.2.1__react@19.2.1\node_modules\next\dist\server\next-server.js:304:17)
    at async DevServer.handleRequestImpl (file://C:\Users\nachi\Projects\adaptia--frontend\node_modules\.pnpm\next@15.2.8_react-dom@19.2.1_react@19.2.1__react@19.2.1\node_modules\next\dist\server\base-server.js:895:17)
    at async (file://C:\Users\nachi\Projects\adaptia--frontend\node_modules\.pnpm\next@15.2.8_react-dom@19.2.1_react@19.2.1__react@19.2.1\node_modules\next\dist\server\dev\next-dev-server.js:371:20)
    at async Span.traceAsyncFn (file://C:\Users\nachi\Projects\adaptia--frontend\node_modules\.pnpm\next@15.2.8_react-dom@19.2.1_react@19.2.1__react@19.2.1\node_modules\next\dist\trace\trace.js:157:20)
    at async DevServer.handleRequest (file://C:\Users\nachi\Projects\adaptia--frontend\node_modules\.pnpm\next@15.2.8_react-dom@19.2.1_react@19.2.1__react@19.2.1\node_modules\next\dist\server\dev\next-dev-server.js:368:24)
    at async invokeRender (file://C:\Users\nachi\Projects\adaptia--frontend\node_modules\.pnpm\next@15.2.8_react-dom@19.2.1_react@19.2.1__react@19.2.1\node_modules\next\dist\server\lib\router-server.js:235:21)
    at async handleRequest (file://C:\Users\nachi\Projects\adaptia--frontend\node_modules\.pnpm\next@15.2.8_react-dom@19.2.1_react@19.2.1__react@19.2.1\node_modules\next\dist\server\lib\router-server.js:426:24)
    at async requestHandlerImpl (file://C:\Users\nachi\Projects\adaptia--frontend\node_modules\.pnpm\next@15.2.8_react-dom@19.2.1_react@19.2.1__react@19.2.1\node_modules\next\dist\server\lib\router-server.js:450:13)
    at async Server.requestListener (file://C:\Users\nachi\Projects\adaptia--frontend\node_modules\.pnpm\next@15.2.8_react-dom@19.2.1_react@19.2.1__react@19.2.1\node_modules\next\dist\server\lib\start-server.js:158:13)
[   31422ms] [LOG] [HMR] connected @ webpack-internal:///(pages-dir-browser)/./node_modules/.pnpm/next@15.2.8_react-dom@19.2.1_react@19.2.1__react@19.2.1/node_modules/next/dist/client/components/react-dev-overlay/pages/websocket.js:41
[   31424ms] [WARNING] [HMR] Invalid message: {"action":"isrManifest","data":{"/auth/login":true,"/":true}}
TypeError: Cannot read properties of undefined (reading '__N_SSP')
    at handleStaticIndicator (webpack-internal:///(pages-dir-browser)/./node_modules/.pnpm/next@15.2.8_react-dom@19.2.1_react@19.2.1__react@19.2.1/node_modules/next/dist/client/components/react-dev-overlay/pages/hot-reloader-client.js:229:124)
    at processMessage (webpack-internal:///(pages-dir-browser)/./node_modules/.pnpm/next@15.2.8_react-dom@19.2.1_react@19.2.1__react@19.2.1/node_modules/next/dist/client/components/react-dev-overlay/pages/hot-reloader-client.js:244:17)
    at eval (webpack-internal:///(pages-dir-browser)/./node_modules/.pnpm/next@15.2.8_react-dom@19.2.1_react@19.2.1__react@19.2.1/node_modules/next/dist/client/components/react-dev-overlay/pages/hot-reloader-client.js:70:13)
    at WebSocket.handleMessage (webpack-internal:///(pages-dir-browser)/./node_modules/.pnpm/next@15.2.8_react-dom@19.2.1_react@19.2.1__react@19.2.1/node_modules/next/dist/client/components/react-dev-overlay/pages/websocket.js:65:17) @ webpack-internal:///(pages-dir-browser)/./node_modules/.pnpm/next@15.2.8_react-dom@19.2.1_react@19.2.1__react@19.2.1/node_modules/next/dist/client/components/react-dev-overlay/pages/hot-reloader-client.js:72
[   32111ms] [LOG] [Fast Refresh] rebuilding @ webpack-internal:///(pages-dir-browser)/./node_modules/.pnpm/next@15.2.8_react-dom@19.2.1_react@19.2.1__react@19.2.1/node_modules/next/dist/client/components/react-dev-overlay/pages/hot-reloader-client.js:251
[   34366ms] [WARNING] [HMR] Invalid message: {"action":"isrManifest","data":{"/auth/login":true,"/":true}}
TypeError: Cannot read properties of undefined (reading '__N_SSP')
    at handleStaticIndicator (webpack-internal:///(pages-dir-browser)/./node_modules/.pnpm/next@15.2.8_react-dom@19.2.1_react@19.2.1__react@19.2.1/node_modules/next/dist/client/components/react-dev-overlay/pages/hot-reloader-client.js:229:124)
    at processMessage (webpack-internal:///(pages-dir-browser)/./node_modules/.pnpm/next@15.2.8_react-dom@19.2.1_react@19.2.1__react@19.2.1/node_modules/next/dist/client/components/react-dev-overlay/pages/hot-reloader-client.js:244:17)
    at eval (webpack-internal:///(pages-dir-browser)/./node_modules/.pnpm/next@15.2.8_react-dom@19.2.1_react@19.2.1__react@19.2.1/node_modules/next/dist/client/components/react-dev-overlay/pages/hot-reloader-client.js:70:13)
    at WebSocket.handleMessage (webpack-internal:///(pages-dir-browser)/./node_modules/.pnpm/next@15.2.8_react-dom@19.2.1_react@19.2.1__react@19.2.1/node_modules/next/dist/client/components/react-dev-overlay/pages/websocket.js:65:17) @ webpack-internal:///(pages-dir-browser)/./node_modules/.pnpm/next@15.2.8_react-dom@19.2.1_react@19.2.1__react@19.2.1/node_modules/next/dist/client/components/react-dev-overlay/pages/hot-reloader-client.js:72
[   34538ms] [WARNING] [Fast Refresh] performing full reload because your application had an unrecoverable error @ webpack-internal:///(pages-dir-browser)/./node_modules/.pnpm/next@15.2.8_react-dom@19.2.1_react@19.2.1__react@19.2.1/node_modules/next/dist/client/components/react-dev-overlay/pages/hot-reloader-client.js:392
[   34754ms] [WARNING] [HMR] Invalid message: {"action":"isrManifest","data":{"/auth/login":true,"/":true}}
TypeError: Cannot read properties of undefined (reading '__N_SSP')
    at handleStaticIndicator (webpack-internal:///(pages-dir-browser)/./node_modules/.pnpm/next@15.2.8_react-dom@19.2.1_react@19.2.1__react@19.2.1/node_modules/next/dist/client/components/react-dev-overlay/pages/hot-reloader-client.js:229:124)
    at processMessage (webpack-internal:///(pages-dir-browser)/./node_modules/.pnpm/next@15.2.8_react-dom@19.2.1_react@19.2.1__react@19.2.1/node_modules/next/dist/client/components/react-dev-overlay/pages/hot-reloader-client.js:244:17)
    at eval (webpack-internal:///(pages-dir-browser)/./node_modules/.pnpm/next@15.2.8_react-dom@19.2.1_react@19.2.1__react@19.2.1/node_modules/next/dist/client/components/react-dev-overlay/pages/hot-reloader-client.js:70:13)
    at WebSocket.handleMessage (webpack-internal:///(pages-dir-browser)/./node_modules/.pnpm/next@15.2.8_react-dom@19.2.1_react@19.2.1__react@19.2.1/node_modules/next/dist/client/components/react-dev-overlay/pages/websocket.js:65:17) @ webpack-internal:///(pages-dir-browser)/./node_modules/.pnpm/next@15.2.8_react-dom@19.2.1_react@19.2.1__react@19.2.1/node_modules/next/dist/client/components/react-dev-overlay/pages/hot-reloader-client.js:72
[   35462ms] [WARNING] [HMR] Invalid message: {"action":"isrManifest","data":{"/auth/login":true,"/":true}}
TypeError: Cannot read properties of undefined (reading '__N_SSP')
    at handleStaticIndicator (webpack-internal:///(pages-dir-browser)/./node_modules/.pnpm/next@15.2.8_react-dom@19.2.1_react@19.2.1__react@19.2.1/node_modules/next/dist/client/components/react-dev-overlay/pages/hot-reloader-client.js:229:124)
    at processMessage (webpack-internal:///(pages-dir-browser)/./node_modules/.pnpm/next@15.2.8_react-dom@19.2.1_react@19.2.1__react@19.2.1/node_modules/next/dist/client/components/react-dev-overlay/pages/hot-reloader-client.js:244:17)
    at eval (webpack-internal:///(pages-dir-browser)/./node_modules/.pnpm/next@15.2.8_react-dom@19.2.1_react@19.2.1__react@19.2.1/node_modules/next/dist/client/components/react-dev-overlay/pages/hot-reloader-client.js:70:13)
    at WebSocket.handleMessage (webpack-internal:///(pages-dir-browser)/./node_modules/.pnpm/next@15.2.8_react-dom@19.2.1_react@19.2.1__react@19.2.1/node_modules/next/dist/client/components/react-dev-overlay/pages/websocket.js:65:17) @ webpack-internal:///(pages-dir-browser)/./node_modules/.pnpm/next@15.2.8_react-dom@19.2.1_react@19.2.1__react@19.2.1/node_modules/next/dist/client/components/react-dev-overlay/pages/hot-reloader-client.js:72
[   36056ms] [WARNING] [HMR] Invalid message: {"action":"isrManifest","data":{"/auth/login":true,"/":true}}
TypeError: Cannot read properties of undefined (reading '__N_SSP')
    at handleStaticIndicator (webpack-internal:///(pages-dir-browser)/./node_modules/.pnpm/next@15.2.8_react-dom@19.2.1_react@19.2.1__react@19.2.1/node_modules/next/dist/client/components/react-dev-overlay/pages/hot-reloader-client.js:229:124)
    at processMessage (webpack-internal:///(pages-dir-browser)/./node_modules/.pnpm/next@15.2.8_react-dom@19.2.1_react@19.2.1__react@19.2.1/node_modules/next/dist/client/components/react-dev-overlay/pages/hot-reloader-client.js:244:17)
    at eval (webpack-internal:///(pages-dir-browser)/./node_modules/.pnpm/next@15.2.8_react-dom@19.2.1_react@19.2.1__react@19.2.1/node_modules/next/dist/client/components/react-dev-overlay/pages/hot-reloader-client.js:70:13)
    at WebSocket.handleMessage (webpack-internal:///(pages-dir-browser)/./node_modules/.pnpm/next@15.2.8_react-dom@19.2.1_react@19.2.1__react@19.2.1/node_modules/next/dist/client/components/react-dev-overlay/pages/websocket.js:65:17) @ webpack-internal:///(pages-dir-browser)/./node_modules/.pnpm/next@15.2.8_react-dom@19.2.1_react@19.2.1__react@19.2.1/node_modules/next/dist/client/components/react-dev-overlay/pages/hot-reloader-client.js:72
[   36686ms] [WARNING] [HMR] Invalid message: {"action":"isrManifest","data":{"/auth/login":true,"/":true}}
TypeError: Cannot read properties of undefined (reading '__N_SSP')
    at handleStaticIndicator (webpack-internal:///(pages-dir-browser)/./node_modules/.pnpm/next@15.2.8_react-dom@19.2.1_react@19.2.1__react@19.2.1/node_modules/next/dist/client/components/react-dev-overlay/pages/hot-reloader-client.js:229:124)
    at processMessage (webpack-internal:///(pages-dir-browser)/./node_modules/.pnpm/next@15.2.8_react-dom@19.2.1_react@19.2.1__react@19.2.1/node_modules/next/dist/client/components/react-dev-overlay/pages/hot-reloader-client.js:244:17)
    at eval (webpack-internal:///(pages-dir-browser)/./node_modules/.pnpm/next@15.2.8_react-dom@19.2.1_react@19.2.1__react@19.2.1/node_modules/next/dist/client/components/react-dev-overlay/pages/hot-reloader-client.js:70:13)
    at WebSocket.handleMessage (webpack-internal:///(pages-dir-browser)/./node_modules/.pnpm/next@15.2.8_react-dom@19.2.1_react@19.2.1__react@19.2.1/node_modules/next/dist/client/components/react-dev-overlay/pages/websocket.js:65:17) @ webpack-internal:///(pages-dir-browser)/./node_modules/.pnpm/next@15.2.8_react-dom@19.2.1_react@19.2.1__react@19.2.1/node_modules/next/dist/client/components/react-dev-overlay/pages/hot-reloader-client.js:72
[   37282ms] [WARNING] [HMR] Invalid message: {"action":"isrManifest","data":{"/auth/login":true,"/":true}}
TypeError: Cannot read properties of undefined (reading '__N_SSP')
    at handleStaticIndicator (webpack-internal:///(pages-dir-browser)/./node_modules/.pnpm/next@15.2.8_react-dom@19.2.1_react@19.2.1__react@19.2.1/node_modules/next/dist/client/components/react-dev-overlay/pages/hot-reloader-client.js:229:124)
    at processMessage (webpack-internal:///(pages-dir-browser)/./node_modules/.pnpm/next@15.2.8_react-dom@19.2.1_react@19.2.1__react@19.2.1/node_modules/next/dist/client/components/react-dev-overlay/pages/hot-reloader-client.js:244:17)
    at eval (webpack-internal:///(pages-dir-browser)/./node_modules/.pnpm/next@15.2.8_react-dom@19.2.1_react@19.2.1__react@19.2.1/node_modules/next/dist/client/components/react-dev-overlay/pages/hot-reloader-client.js:70:13)
    at WebSocket.handleMessage (webpack-internal:///(pages-dir-browser)/./node_modules/.pnpm/next@15.2.8_react-dom@19.2.1_react@19.2.1__react@19.2.1/node_modules/next/dist/client/components/react-dev-overlay/pages/websocket.js:65:17) @ webpack-internal:///(pages-dir-browser)/./node_modules/.pnpm/next@15.2.8_react-dom@19.2.1_react@19.2.1__react@19.2.1/node_modules/next/dist/client/components/react-dev-overlay/pages/hot-reloader-client.js:72
[   37877ms] [WARNING] [HMR] Invalid message: {"action":"isrManifest","data":{"/auth/login":true,"/":true}}
TypeError: Cannot read properties of undefined (reading '__N_SSP')
    at handleStaticIndicator (webpack-internal:///(pages-dir-browser)/./node_modules/.pnpm/next@15.2.8_react-dom@19.2.1_react@19.2.1__react@19.2.1/node_modules/next/dist/client/components/react-dev-overlay/pages/hot-reloader-client.js:229:124)
    at processMessage (webpack-internal:///(pages-dir-browser)/./node_modules/.pnpm/next@15.2.8_react-dom@19.2.1_react@19.2.1__react@19.2.1/node_modules/next/dist/client/components/react-dev-overlay/pages/hot-reloader-client.js:244:17)
    at eval (webpack-internal:///(pages-dir-browser)/./node_modules/.pnpm/next@15.2.8_react-dom@19.2.1_react@19.2.1__react@19.2.1/node_modules/next/dist/client/components/react-dev-overlay/pages/hot-reloader-client.js:70:13)
    at WebSocket.handleMessage (webpack-internal:///(pages-dir-browser)/./node_modules/.pnpm/next@15.2.8_react-dom@19.2.1_react@19.2.1__react@19.2.1/node_modules/next/dist/client/components/react-dev-overlay/pages/websocket.js:65:17) @ webpack-internal:///(pages-dir-browser)/./node_modules/.pnpm/next@15.2.8_react-dom@19.2.1_react@19.2.1__react@19.2.1/node_modules/next/dist/client/components/react-dev-overlay/pages/hot-reloader-client.js:72
[   38469ms] [WARNING] [HMR] Invalid message: {"action":"isrManifest","data":{"/auth/login":true,"/":true}}
TypeError: Cannot read properties of undefined (reading '__N_SSP')
    at handleStaticIndicator (webpack-internal:///(pages-dir-browser)/./node_modules/.pnpm/next@15.2.8_react-dom@19.2.1_react@19.2.1__react@19.2.1/node_modules/next/dist/client/components/react-dev-overlay/pages/hot-reloader-client.js:229:124)
    at processMessage (webpack-internal:///(pages-dir-browser)/./node_modules/.pnpm/next@15.2.8_react-dom@19.2.1_react@19.2.1__react@19.2.1/node_modules/next/dist/client/components/react-dev-overlay/pages/hot-reloader-client.js:244:17)
    at eval (webpack-internal:///(pages-dir-browser)/./node_modules/.pnpm/next@15.2.8_react-dom@19.2.1_react@19.2.1__react@19.2.1/node_modules/next/dist/client/components/react-dev-overlay/pages/hot-reloader-client.js:70:13)
    at WebSocket.handleMessage (webpack-internal:///(pages-dir-browser)/./node_modules/.pnpm/next@15.2.8_react-dom@19.2.1_react@19.2.1__react@19.2.1/node_modules/next/dist/client/components/react-dev-overlay/pages/websocket.js:65:17) @ webpack-internal:///(pages-dir-browser)/./node_modules/.pnpm/next@15.2.8_react-dom@19.2.1_react@19.2.1__react@19.2.1/node_modules/next/dist/client/components/react-dev-overlay/pages/hot-reloader-client.js:72
[   39058ms] [WARNING] [HMR] Invalid message: {"action":"isrManifest","data":{"/auth/login":true,"/":true}}
TypeError: Cannot read properties of undefined (reading '__N_SSP')
    at handleStaticIndicator (webpack-internal:///(pages-dir-browser)/./node_modules/.pnpm/next@15.2.8_react-dom@19.2.1_react@19.2.1__react@19.2.1/node_modules/next/dist/client/components/react-dev-overlay/pages/hot-reloader-client.js:229:124)
    at processMessage (webpack-internal:///(pages-dir-browser)/./node_modules/.pnpm/next@15.2.8_react-dom@19.2.1_react@19.2.1__react@19.2.1/node_modules/next/dist/client/components/react-dev-overlay/pages/hot-reloader-client.js:244:17)
    at eval (webpack-internal:///(pages-dir-browser)/./node_modules/.pnpm/next@15.2.8_react-dom@19.2.1_react@19.2.1__react@19.2.1/node_modules/next/dist/client/components/react-dev-overlay/pages/hot-reloader-client.js:70:13)
    at WebSocket.handleMessage (webpack-internal:///(pages-dir-browser)/./node_modules/.pnpm/next@15.2.8_react-dom@19.2.1_react@19.2.1__react@19.2.1/node_modules/next/dist/client/components/react-dev-overlay/pages/websocket.js:65:17) @ webpack-internal:///(pages-dir-browser)/./node_modules/.pnpm/next@15.2.8_react-dom@19.2.1_react@19.2.1__react@19.2.1/node_modules/next/dist/client/components/react-dev-overlay/pages/hot-reloader-client.js:72
[   39646ms] [WARNING] [HMR] Invalid message: {"action":"isrManifest","data":{"/auth/login":true,"/":true}}
TypeError: Cannot read properties of undefined (reading '__N_SSP')
    at handleStaticIndicator (webpack-internal:///(pages-dir-browser)/./node_modules/.pnpm/next@15.2.8_react-dom@19.2.1_react@19.2.1__react@19.2.1/node_modules/next/dist/client/components/react-dev-overlay/pages/hot-reloader-client.js:229:124)
    at processMessage (webpack-internal:///(pages-dir-browser)/./node_modules/.pnpm/next@15.2.8_react-dom@19.2.1_react@19.2.1__react@19.2.1/node_modules/next/dist/client/components/react-dev-overlay/pages/hot-reloader-client.js:244:17)
    at eval (webpack-internal:///(pages-dir-browser)/./node_modules/.pnpm/next@15.2.8_react-dom@19.2.1_react@19.2.1__react@19.2.1/node_modules/next/dist/client/components/react-dev-overlay/pages/hot-reloader-client.js:70:13)
    at WebSocket.handleMessage (webpack-internal:///(pages-dir-browser)/./node_modules/.pnpm/next@15.2.8_react-dom@19.2.1_react@19.2.1__react@19.2.1/node_modules/next/dist/client/components/react-dev-overlay/pages/websocket.js:65:17) @ webpack-internal:///(pages-dir-browser)/./node_modules/.pnpm/next@15.2.8_react-dom@19.2.1_react@19.2.1__react@19.2.1/node_modules/next/dist/client/components/react-dev-overlay/pages/hot-reloader-client.js:72
[   40268ms] [WARNING] [HMR] Invalid message: {"action":"isrManifest","data":{"/auth/login":true,"/":true}}
TypeError: Cannot read properties of undefined (reading '__N_SSP')
    at handleStaticIndicator (webpack-internal:///(pages-dir-browser)/./node_modules/.pnpm/next@15.2.8_react-dom@19.2.1_react@19.2.1__react@19.2.1/node_modules/next/dist/client/components/react-dev-overlay/pages/hot-reloader-client.js:229:124)
    at processMessage (webpack-internal:///(pages-dir-browser)/./node_modules/.pnpm/next@15.2.8_react-dom@19.2.1_react@19.2.1__react@19.2.1/node_modules/next/dist/client/components/react-dev-overlay/pages/hot-reloader-client.js:244:17)
    at eval (webpack-internal:///(pages-dir-browser)/./node_modules/.pnpm/next@15.2.8_react-dom@19.2.1_react@19.2.1__react@19.2.1/node_modules/next/dist/client/components/react-dev-overlay/pages/hot-reloader-client.js:70:13)
    at WebSocket.handleMessage (webpack-internal:///(pages-dir-browser)/./node_modules/.pnpm/next@15.2.8_react-dom@19.2.1_react@19.2.1__react@19.2.1/node_modules/next/dist/client/components/react-dev-overlay/pages/websocket.js:65:17) @ webpack-internal:///(pages-dir-browser)/./node_modules/.pnpm/next@15.2.8_react-dom@19.2.1_react@19.2.1__react@19.2.1/node_modules/next/dist/client/components/react-dev-overlay/pages/hot-reloader-client.js:72
